<?xml version="1.0" encoding="UTF-8"?>
<robot generator="Robot 5.0.1 (Python 3.10.6 on win32)" generated="20220810 21:44:27.400" rpa="false" schemaversion="3">
<suite id="s1" name="Test" source="c:\Users\bas10\Desktop\AppiumTest\test.robot">
<test id="s1-t1" name="Should send keys to search box and then check the value" line="14">
<kw name="Open calculator">
<kw name="Open Application" library="AppiumLibrary">
<arg>${REMOTE_URL}</arg>
<arg>platformName=${PLATFORM_NAME}</arg>
<arg>platformVersion=${PLATFORM_VERSION}</arg>
<arg>deviceName=${DEVICE_NAME}</arg>
<arg>automationName=UiAutomator2</arg>
<arg>newCommandTimeout=2500</arg>
<arg>appActivity=${Activity_NAME}</arg>
<arg>appPackage=${PACKAGE_NAME}</arg>
<doc>Opens a new application to given Appium server.
Capabilities of appium server, Android and iOS,
Please check https://github.com/appium/appium/blob/master/docs/en/writing-running-appium/server-args.md
| *Option*            | *Man.* | *Description*     |
| remote_url          | Yes    | Appium server url |
| alias               | no     | alias             |</doc>
<status status="PASS" starttime="20220810 21:44:27.520" endtime="20220810 21:44:33.455"/>
</kw>
<status status="PASS" starttime="20220810 21:44:27.520" endtime="20220810 21:44:33.455"/>
</kw>
<kw name="Sleep" library="BuiltIn">
<arg>5</arg>
<doc>Pauses the test executed for the given time.</doc>
<msg timestamp="20220810 21:44:38.467" level="INFO">Slept 5 seconds</msg>
<status status="PASS" starttime="20220810 21:44:33.455" endtime="20220810 21:44:38.470"/>
</kw>
<kw name="Click Element" library="AppiumLibrary">
<arg>com.example.appiumtestapp:id/fab</arg>
<doc>Click element identified by `locator`.</doc>
<msg timestamp="20220810 21:44:38.472" level="INFO">Clicking element 'com.example.appiumtestapp:id/fab'.</msg>
<status status="PASS" starttime="20220810 21:44:38.471" endtime="20220810 21:44:38.539"/>
</kw>
<kw name="Sleep" library="BuiltIn">
<arg>5</arg>
<doc>Pauses the test executed for the given time.</doc>
<msg timestamp="20220810 21:44:43.540" level="INFO">Slept 5 seconds</msg>
<status status="PASS" starttime="20220810 21:44:38.540" endtime="20220810 21:44:43.540"/>
</kw>
<kw name="Switch To Context" library="AppiumLibrary">
<arg>WEBVIEW_com.example.appiumtestapp</arg>
<doc>Switch to a new context</doc>
<status status="PASS" starttime="20220810 21:44:43.540" endtime="20220810 21:44:45.163"/>
</kw>
<kw name="Click Element" library="AppiumLibrary">
<arg>a[contains(., 'Afbeeldingen')]</arg>
<doc>Click element identified by `locator`.</doc>
<msg timestamp="20220810 21:44:45.165" level="INFO">Clicking element 'a[contains(., 'Afbeeldingen')]'.</msg>
<kw name="Capture Page Screenshot" library="AppiumLibrary">
<doc>Takes a screenshot of the current page and embeds it into the log.</doc>
<msg timestamp="20220810 21:44:45.330" level="INFO" html="true">&lt;/td&gt;&lt;/tr&gt;&lt;tr&gt;&lt;td colspan="3"&gt;&lt;a href="appium-screenshot-1.png"&gt;&lt;img src="appium-screenshot-1.png" width="800px"&gt;&lt;/a&gt;</msg>
<status status="PASS" starttime="20220810 21:44:45.178" endtime="20220810 21:44:45.331"/>
</kw>
<msg timestamp="20220810 21:44:45.331" level="FAIL">InvalidArgumentException: Message: invalid argument: invalid locator
  (Session info: chrome=91.0.4472.114)
</msg>
<status status="FAIL" starttime="20220810 21:44:45.164" endtime="20220810 21:44:45.332"/>
</kw>
<status status="FAIL" starttime="20220810 21:44:27.519" endtime="20220810 21:44:45.333">InvalidArgumentException: Message: invalid argument: invalid locator
  (Session info: chrome=91.0.4472.114)
</status>
</test>
<status status="FAIL" starttime="20220810 21:44:27.404" endtime="20220810 21:44:45.334"/>
</suite>
<statistics>
<total>
<stat pass="0" fail="1" skip="0">All Tests</stat>
</total>
<tag>
</tag>
<suite>
<stat pass="0" fail="1" skip="0" id="s1" name="Test">Test</stat>
</suite>
</statistics>
<errors>
</errors>
</robot>
