<?xml version="1.0" encoding="UTF-8"?>
<robot generator="Robot 5.0.1 (Python 3.10.6 on win32)" generated="20220818 20:29:01.144" rpa="false" schemaversion="3">
<suite id="s1" name="Test" source="c:\Users\bas10\Desktop\AppiumTest\Tests\automation\robot\test.robot">
<test id="s1-t1" name="Should send keys to search box and then check the value" line="14">
<kw name="Open calculator">
<kw name="Open Application" library="AppiumLibrary">
<arg>${REMOTE_URL}</arg>
<arg>platformName=${PLATFORM_NAME}</arg>
<arg>platformVersion=${PLATFORM_VERSION}</arg>
<arg>deviceName=${DEVICE_NAME}</arg>
<arg>automationName=UiAutomator2</arg>
<arg>newCommandTimeout=2500</arg>
<arg>appActivity=${Activity_NAME}</arg>
<arg>appPackage=${PACKAGE_NAME}</arg>
<doc>Opens a new application to given Appium server.
Capabilities of appium server, Android and iOS,
Please check https://github.com/appium/appium/blob/master/docs/en/writing-running-appium/server-args.md
| *Option*            | *Man.* | *Description*     |
| remote_url          | Yes    | Appium server url |
| alias               | no     | alias             |</doc>
<status status="PASS" starttime="20220818 20:29:01.385" endtime="20220818 20:29:08.063"/>
</kw>
<status status="PASS" starttime="20220818 20:29:01.384" endtime="20220818 20:29:08.064"/>
</kw>
<kw name="Sleep" library="BuiltIn">
<arg>5</arg>
<doc>Pauses the test executed for the given time.</doc>
<msg timestamp="20220818 20:29:13.075" level="INFO">Slept 5 seconds</msg>
<status status="PASS" starttime="20220818 20:29:08.065" endtime="20220818 20:29:13.076"/>
</kw>
<kw name="Click Element" library="AppiumLibrary">
<arg>com.example.appiumtestapp:id/fab</arg>
<doc>Click element identified by `locator`.</doc>
<msg timestamp="20220818 20:29:13.080" level="INFO">Clicking element 'com.example.appiumtestapp:id/fab'.</msg>
<status status="PASS" starttime="20220818 20:29:13.077" endtime="20220818 20:29:13.148"/>
</kw>
<kw name="Sleep" library="BuiltIn">
<arg>5</arg>
<doc>Pauses the test executed for the given time.</doc>
<msg timestamp="20220818 20:29:18.154" level="INFO">Slept 5 seconds</msg>
<status status="PASS" starttime="20220818 20:29:13.149" endtime="20220818 20:29:18.154"/>
</kw>
<kw name="Switch To Context" library="AppiumLibrary">
<arg>WEBVIEW_com.example.appiumtestapp</arg>
<doc>Switch to a new context</doc>
<status status="PASS" starttime="20220818 20:29:18.155" endtime="20220818 20:29:19.110"/>
</kw>
<kw name="Click Element" library="AppiumLibrary">
<arg>//div[@id="SBmmZd"]/a[2]</arg>
<doc>Click element identified by `locator`.</doc>
<msg timestamp="20220818 20:29:19.115" level="INFO">Clicking element '//div[@id="SBmmZd"]/a[2]'.</msg>
<status status="PASS" starttime="20220818 20:29:19.111" endtime="20220818 20:29:19.391"/>
</kw>
<status status="PASS" starttime="20220818 20:29:01.382" endtime="20220818 20:29:19.392"/>
</test>
<status status="PASS" starttime="20220818 20:29:01.147" endtime="20220818 20:29:19.395"/>
</suite>
<statistics>
<total>
<stat pass="1" fail="0" skip="0">All Tests</stat>
</total>
<tag>
</tag>
<suite>
<stat pass="1" fail="0" skip="0" id="s1" name="Test">Test</stat>
</suite>
</statistics>
<errors>
</errors>
</robot>
